/*C14*/SET SCHEMA PUBLIC
INSERT INTO NUCSEQTABLE VALUES('bed2fcaaa6eb4e678bb246f17560046d','AAAC','1','2011-10-15 18:49:05.809000','2011-10-15 18:49:05.816000')
COMMIT
INSERT INTO PARTTABLE VALUES('25ad7de3db57497da2532d8d73d20918','6452c29ecf784758a8f49da6f92e6064','org-clothocad-format-freeform-connect','bed2fcaaa6eb4e678bb246f17560046d','','AAACpart',1,'2011-10-15 18:49:05.809000','2011-10-15 18:49:09.621000','f5ee48cc6672a1f3fd5e8927ec909f58',0)
COMMIT
INSERT INTO COLLECTIONXREF VALUES('4dcb60f3f9e04f3196233a7c267c6862','25ad7de3db57497da2532d8d73d20918','43c51dacb0bf4585b23086029bf20964','PART','2011-09-12 23:55:52.035000','2011-10-15 18:49:09.671000')
COMMIT
DELETE FROM COLLECTIONTABLE WHERE IDCOLLECTION='4dcb60f3f9e04f3196233a7c267c6862'
INSERT INTO COLLECTIONTABLE VALUES('4dcb60f3f9e04f3196233a7c267c6862','43c51dacb0bf4585b23086029bf20964','jenhan''s parts','holds jenhan''s parts','2011-09-12 23:55:52.035000','2011-10-15 18:49:09.671000')
COMMIT
/*C13*/SET SCHEMA PUBLIC
ROLLBACK
DISCONNECT
/*C14*/ROLLBACK
DISCONNECT
/*C16*/SET SCHEMA PUBLIC
ROLLBACK
DISCONNECT
/*C17*/SET SCHEMA PUBLIC
ROLLBACK
DISCONNECT
/*C18*/SET SCHEMA PUBLIC
ROLLBACK
DISCONNECT
/*C19*/SET SCHEMA PUBLIC
ROLLBACK
DISCONNECT
/*C20*/SET SCHEMA PUBLIC
ROLLBACK
DISCONNECT
/*C21*/SET SCHEMA PUBLIC
ROLLBACK
DISCONNECT
/*C22*/SET SCHEMA PUBLIC
ROLLBACK
DISCONNECT
/*C23*/SET SCHEMA PUBLIC
ROLLBACK
DISCONNECT
/*C15*/SET SCHEMA PUBLIC
ROLLBACK
DISCONNECT
/*C12*/SET SCHEMA PUBLIC
ROLLBACK
DISCONNECT
